 selected interstitial atom positions, away
         825 atoms
 1 atom types
  -178.88222628310001        178.88222628310001       xlo xhi
  -180.48189673990001        180.48189673990001       ylo yhi
  -189.59196348419999        189.59196348419999       zlo zhi

Atoms

       1   1        -138.02800000        -58.38260000       -142.50200000
       2   1         -59.34520000        -22.24420000       -142.42500000
       3   1         -79.67140000         -3.77242000       -142.39600000
       4   1        -101.37300000        -23.98430000       -140.21200000
       5   1         -95.07100000         -5.14783000       -132.22900000
       6   1         -95.93130000         -3.05095000       -131.13100000
       7   1         -79.59190000        -71.24790000       -112.52700000
       8   1         -81.17350000        -69.21500000       -113.77500000
       9   1         -84.92710000        -79.08870000       -105.56300000
      10   1        -104.02700000        -78.70650000       -103.88200000
      11   1         -91.65820000        -72.83580000       -100.04000000
      12   1         -81.18980000        -85.07780000        -97.15940000
      13   1         -89.40300000        -78.86190000        -96.36060000
      14   1         -90.07940000        -74.86090000        -98.78580000
      15   1         -85.95840000        -72.91050000        -97.51280000
      16   1         -87.53700000        -70.88450000        -98.76810000
      17   1         -85.89590000        -68.88580000        -97.58210000
      18   1         -79.58460000        -76.98940000        -92.55410000
      19   1         -81.32700000        -76.90970000        -90.26950000
      20   1         -78.84750000        -76.96350000        -90.18820000
      21   1         -96.44110000        -82.60420000        -87.19600000
      22   1         -83.07060000        -76.82950000        -87.98620000
      23   1         -80.59110000        -76.88130000        -87.90280000
      24   1         -96.30690000        -74.55370000        -87.31980000
      25   1         -83.91090000        -74.77760000        -86.88060000
      26   1         -81.43160000        -74.82870000        -86.79700000
      27   1         -77.20840000        -74.96750000        -89.00260000
      28   1         -78.04920000        -72.91430000        -87.89790000
      29   1         -79.68770000        -74.91160000        -89.08190000
      30   1         -78.95240000        -74.88260000        -86.71550000
      31   1         -75.57020000        -72.97270000        -87.82110000
      32   1         -76.41170000        -70.91820000        -86.71810000
      33   1         -84.08300000        -76.71520000        -83.33660000
      34   1         -85.65650000        -74.69620000        -84.59940000
      35   1         -83.17720000        -74.74520000        -84.51370000
      36   1         -80.69780000        -74.79690000        -84.42980000
      37   1         -79.79350000        -72.82870000        -85.61120000
      38   1         -77.31450000        -72.88500000        -85.53200000
      39   1         -99.73050000        -70.38330000        -82.84090000
      40   1         -84.01850000        -72.69120000        -83.40990000
      41   1         -81.53940000        -72.74220000        -83.32600000
      42   1         -79.06030000        -72.79610000        -83.24430000
      43   1         -78.15640000        -70.82960000        -84.42930000
      44   1         -75.67770000        -70.88870000        -84.35320000
      45   1         -78.99870000        -68.77330000        -83.32770000
      46   1         -74.77520000        -68.92360000        -85.54340000
      47   1         -76.52040000        -68.83180000        -83.25220000
      48   1         -22.12100000        -82.41560000        -81.39790000
      49   1         -83.28730000        -72.65500000        -81.04270000
      50   1         -81.65090000        -70.64910000        -79.85640000
      51   1         -79.90270000        -70.73980000        -82.14190000
      52   1         -82.38140000        -70.68660000        -82.22340000
      53   1         -80.74540000        -68.68260000        -81.04040000
      54   1         -78.26700000        -68.73840000        -80.96200000
      55   1         -73.74240000        -86.86200000        -76.93350000
      56   1         -84.84380000        -60.49030000        -79.00470000
      57   1         -49.77180000        -85.70420000        -75.16720000
      58   1         -73.78930000        -80.74320000        -73.51920000
      59   1         -97.47800000        -66.23460000        -75.81890000
      60   1        -157.31700000       -123.82000000        -71.37590000
      61   1         -78.18330000        -88.62510000        -71.18510000
      62   1         -42.42440000        -83.91580000        -71.51130000
      63   1         -72.15060000        -78.74330000        -72.33020000
      64   1         -62.39480000        -80.97450000        -68.45180000
      65   1         -42.52660000        -81.88170000        -68.04320000
      66   1         -34.16690000        -80.05860000        -68.97540000
      67   1         -34.48780000        -98.29770000        -65.36230000
      68   1         -32.08050000        -92.27180000        -61.82470000
      69   1         -32.01070000        -84.14330000        -61.86260000
      70   1         -33.59410000        -82.07860000        -63.09550000
      71   1         -41.23440000        -88.03100000        -59.80180000
      72   1         -57.01540000       -100.30900000        -55.85020000
      73   1         -48.10890000        -96.29730000        -50.77570000
      74   1         -34.48280000        -98.59990000        -42.06310000
      75   1         -36.06700000        -96.55760000        -43.29490000
      76   1        -109.78500000       -154.05000000        -31.04540000
      77   1        -112.86300000       -149.96100000        -33.20920000
      78   1        -111.26200000       -151.98400000        -31.99090000
      79   1         -88.22610000        -87.48400000        -31.86290000
      80   1         -89.94150000        -87.39120000        -29.63390000
      81   1          -0.29470100        -81.01280000        -30.41040000
      82   1        -103.01200000        -44.73510000        -29.74850000
      83   1          -0.60880400       -127.28100000        -26.66430000
      84   1          -1.46488000       -125.25500000        -25.54120000
      85   1          -4.87292000        -76.99860000        -21.16050000
      86   1          -3.99506000        -75.00090000        -22.30460000
      87   1          -3.27616000        -75.00470000        -19.94300000
      88   1         -77.99780000        -94.72540000        -15.23710000
      89   1         -75.51100000        -94.71160000        -15.21420000
      90   1         -77.25680000        -94.72960000        -12.90730000
      91   1          -9.16098000        -91.03540000          0.96151400
      92   1          -8.28795000        -89.02890000         -0.18614800
      93   1         -11.09360000        -50.76170000          3.12469000
      94   1          -7.73771000        -52.80310000          2.07350000
      95   1          -5.42616000        -50.77330000          5.62998000
      96   1          -8.77802000        -48.73110000          6.68054000
      97   1         -83.83800000        -99.57030000         22.00890000
      98   1         -72.47340000       -101.46400000         30.53820000
      99   1         -69.99500000       -101.43700000         30.61640000
     100   1         -67.51720000       -101.40500000         30.69770000
     101   1         -71.70630000       -101.43700000         32.89890000
     102   1         -69.22900000       -101.41100000         32.97610000
     103   1         -65.87700000        -66.87130000         31.72730000
     104   1         -84.17210000        -87.30230000         35.98010000
     105   1         -71.79110000        -79.05800000         36.28530000
     106   1         -73.50360000        -79.06100000         38.56580000
     107   1         -76.06200000        -89.19590000         42.05340000
     108   1         -77.76830000        -89.18590000         44.34470000
     109   1         -76.14460000        -91.18650000         45.57280000
     110   1         -76.15040000        -87.13450000         45.54430000
     111   1         -81.10410000        -75.02580000         45.33530000
     112   1         -61.34990000       -105.22400000         49.61450000
     113   1         -50.61200000        -99.09460000         48.71460000
     114   1         -80.32220000        -91.18930000         47.80510000
     115   1         -78.72110000        -72.94560000         48.89260000
     116   1         -42.47660000         -3.86048000         47.40500000
     117   1          -2.17181000        -28.11110000         51.03060000
     118   1         -30.24490000         -9.89369000         51.29540000
     119   1         -31.10180000        -11.91770000         52.43630000
     120   1         -42.60030000         -1.79754000         50.90890000
     121   1         -50.86070000        -78.79960000         55.56500000
     122   1          -3.25839000        -26.02350000         59.13760000
     123   1          -4.87267000        -24.00960000         57.92450000
     124   1          -9.82224000        -19.96960000         57.76720000
     125   1          -3.26704000        -21.97070000         59.14430000
     126   1          -8.21710000        -17.93070000         58.98790000
     127   1          -4.97773000        -26.01410000         61.40690000
     128   1          -4.12250000        -23.99200000         60.27560000
     129   1          -3.37219000        -23.97470000         62.62690000
     130   1          -1.65271000        -23.98450000         60.35710000
     131   1          -1.67228000        -15.87870000         60.37430000
     132   1         -87.32790000        -86.97740000         63.96830000
     133   1         -73.38200000        -80.83690000         65.45280000
     134   1         -25.57330000        -78.64330000         65.59070000
     135   1         -75.01450000        -70.74320000         64.17340000
     136   1         -41.34310000        -52.40150000         66.19970000
     137   1         -13.36100000        -21.98240000         65.79170000
     138   1         -10.06440000        -11.82640000         64.76290000
     139   1         -82.50150000        -80.84900000         67.54120000
     140   1         -42.19880000        -54.41920000         67.34980000
     141   1         -38.12280000        -52.38040000         68.61810000
     142   1         -72.67850000        -32.27000000         67.56810000
     143   1         -71.07320000        -30.23210000         68.77770000
     144   1          -9.28682000        -19.92940000         67.09330000
     145   1          -3.61349000        -15.83100000         69.62710000
     146   1         -38.97880000        -54.39710000         69.76790000
     147   1         -82.65000000        -34.31040000         70.76770000
     148   1         -81.04520000        -32.27230000         71.97750000
     149   1         -79.32740000        -32.28350000         69.69420000
     150   1          -5.33069000        -15.83370000         71.89750000
     151   1         -86.81220000        -62.59480000         73.12660000
     152   1         -14.38420000        -52.26370000         73.90920000
     153   1         -70.43980000        -28.17800000         74.63600000
     154   1         -68.83720000        -26.14900000         75.84790000
     155   1         -12.87910000         -5.76520000         75.17010000
     156   1         -10.42530000        -48.17310000         78.66290000
     157   1         -71.40240000        -36.24310000         79.32410000
     158   1         -73.01080000        -34.23060000         78.09430000
     159   1         -71.40820000        -32.20280000         79.30610000
     160   1         -73.12350000        -36.23370000         81.61200000
     161   1         -74.73160000        -34.22120000         80.38150000
     162   1         -73.12960000        -32.19460000         81.59400000
     163   1         -72.26580000        -34.21870000         80.45910000
     164   1         -69.79990000        -34.21680000         80.53600000
     165   1         -69.80620000        -30.17760000         80.51860000
     166   1         -25.46300000        -56.26290000         85.26350000
     167   1         -66.57840000        -42.28270000         83.00920000
     168   1         -63.36850000        -42.27370000         85.44860000
     169   1         -71.52160000        -34.20860000         82.82460000
     170   1         -26.25660000        -24.10280000         82.91860000
     171   1         -75.84230000        -82.58190000         92.30470000
     172   1         -74.99100000        -80.57420000         91.14210000
     173   1         -67.63900000        -64.42970000         91.26630000
     174   1         -65.18030000        -60.39560000         91.32270000
     175   1         -62.71300000        -60.39310000         91.39530000
     176   1         -66.79630000        -54.35530000         90.07850000
     177   1         -59.39620000        -54.35060000         90.29630000
     178   1         -56.92960000        -54.34810000         90.36640000
     179   1         -60.26180000        -52.33140000         91.43700000
     180   1         -56.07170000        -52.33750000         89.21100000
     181   1         -60.26860000        -48.30200000         91.42280000
     182   1         -71.74650000        -42.25340000         89.87990000
     183   1         -73.37170000        -82.57620000         92.38080000
     184   1         -64.42840000        -64.41070000         93.70640000
     185   1         -66.03830000        -62.40480000         92.47760000
     186   1         -63.57070000        -62.40220000         92.55080000
     187   1         -66.04670000        -58.37410000         92.46100000
     188   1         -63.57950000        -58.37240000         92.53460000
     189   1         -64.44600000        -56.35210000         93.67360000
     190   1         -66.91320000        -56.35290000         93.59910000
     191   1         -63.58710000        -54.34250000         92.51910000
     192   1         -56.18670000        -54.33770000         92.73350000
     193   1         -60.38560000        -50.30360000         94.94520000
     194   1         -56.19420000        -50.31090000         92.72020000
     195   1         -56.20100000        -46.28430000         92.70730000
     196   1         -94.88030000        -96.65870000         97.65550000
     197   1         -77.81520000        -82.49910000        101.58700000
     198   1         -53.34910000        -52.28190000        105.72500000
     199   1         -40.52220000        -32.18150000        115.41400000
     200   1         -41.37880000        -30.16880000        116.56100000
     201   1         -84.13880000        -44.05910000        139.85200000
     202   1          -6.28742000        111.93900000       -189.58200000
     203   1         -13.95670000        130.20600000       -188.62600000
     204   1        -131.01100000        151.72000000       -186.73500000
     205   1        -128.53700000        151.67000000       -186.65300000
     206   1        -124.34000000        151.55100000       -188.83800000
     207   1        -125.17400000        153.59900000       -187.74200000
     208   1        -127.64900000        153.64900000       -187.82500000
     209   1        -122.70000000        153.54900000       -187.65900000
     210   1        -123.53300000        155.59600000       -186.56200000
     211   1        -121.05800000        155.54600000       -186.47900000
     212   1        -132.73400000        151.79000000       -184.46500000
     213   1        -130.26000000        151.74000000       -184.38300000
     214   1        -131.09600000        153.78800000       -183.28700000
     215   1        -128.62200000        153.73800000       -183.20500000
     216   1        -129.37300000        153.71800000       -185.55600000
     217   1        -126.89800000        153.66800000       -185.47400000
     218   1        -126.14800000        153.68800000       -183.12400000
     219   1        -124.42400000        153.61800000       -185.39200000
     220   1        -121.89100000        157.59300000       -185.38000000
     221   1        -122.78400000        155.61500000       -184.21300000
     222   1        -119.41600000        157.54300000       -185.29600000
     223   1        -120.24800000        159.58900000       -184.19500000
     224   1        -117.77200000        159.53900000       -184.11100000
     225   1        -134.45600000        151.86000000       -182.19400000
     226   1        -131.98200000        151.81100000       -182.11300000
     227   1        -132.81900000        153.85800000       -181.01600000
     228   1        -130.34500000        153.80900000       -180.93500000
     229   1        -123.67400000        153.63800000       -183.04300000
     230   1        -129.45700000        155.78500000       -182.10800000
     231   1        -127.81800000        157.78200000       -180.92800000
     232   1        -125.34400000        157.73100000       -180.84600000
     233   1        -126.98300000        155.73500000       -182.02600000
     234   1        -122.03500000        155.63500000       -181.86400000
     235   1        -122.86900000        157.68100000       -180.76500000
     236   1        -124.50900000        155.68500000       -181.94500000
     237   1        -121.14300000        157.61100000       -183.03100000
     238   1        -121.97600000        159.65700000       -181.93100000
     239   1        -119.50100000        159.60700000       -181.84700000
     240   1        -118.60300000        161.58500000       -183.00700000
     241   1        -120.33300000        161.65300000       -180.74500000
     242   1        -117.85700000        161.60300000       -180.66000000
     243   1        -131.18100000        155.85600000       -179.83700000
     244   1        -128.70800000        155.80500000       -179.75600000
     245   1        -127.06900000        157.80200000       -178.57700000
     246   1        -124.59500000        157.75100000       -178.49600000
     247   1        -125.43000000        159.79700000       -177.39600000
     248   1        -122.95600000        159.74600000       -177.31500000
     249   1        -123.70300000        159.72700000       -179.66500000
     250   1        -121.22900000        159.67600000       -179.58200000
     251   1        -122.06200000        161.72100000       -178.48100000
     252   1        -118.68800000        163.64700000       -179.55500000
     253   1        -120.41900000        163.71500000       -177.29300000
     254   1        -119.58700000        161.67100000       -178.39700000
     255   1        -122.14900000        163.78400000       -175.02900000
     256   1        -123.79000000        161.79100000       -176.21400000
     257   1        -121.31600000        161.74000000       -176.13200000
     258   1        -128.29100000         75.24590000       -159.81100000
     259   1        -163.14700000         43.97070000       -146.37700000
     260   1         -81.78480000        108.03400000       -131.01200000
     261   1        -155.67100000         16.16300000       -122.24700000
     262   1        -130.08400000         25.85640000       -122.93100000
     263   1         -58.45000000        156.39400000       -122.05800000
     264   1        -144.22300000         10.12620000       -120.65500000
     265   1        -145.08900000         12.14290000       -119.54900000
     266   1        -145.99200000         10.17880000       -118.33400000
     267   1        -142.61600000         12.12320000       -119.49100000
     268   1        -157.44300000         16.22110000       -119.93000000
     269   1          -9.11793000         65.61550000       -119.26900000
     270   1          -7.38755000         65.54980000       -121.52400000
     271   1          -5.78420000         63.56800000       -120.24100000
     272   1        -133.14200000        122.88200000       -120.02900000
     273   1        -144.38500000         12.17530000       -117.16900000
     274   1         -17.44510000         55.63750000       -118.21100000
     275   1        -153.56400000         12.28840000       -115.03300000
     276   1         -19.28020000         61.79140000       -112.61600000
     277   1         -55.25010000         57.99690000        -95.32800000
     278   1         -53.56650000         80.27380000        -94.52190000
     279   1         -51.94490000         82.30490000        -93.33990000
     280   1         -53.73950000         53.94600000        -90.57740000
     281   1         -46.51500000         60.06960000        -86.91100000
     282   1         -83.48890000         42.19510000        -84.41290000
     283   1         -60.46470000         68.27250000        -85.20730000
     284   1         -65.34340000         76.41580000        -85.52310000
     285   1         -88.58240000         32.24370000        -80.93040000
     286   1         -74.54310000         74.54130000        -79.97750000
     287   1         -59.78240000         74.41820000        -79.46440000
     288   1         -50.55510000         94.59050000        -81.89180000
     289   1         -69.75040000         68.45220000        -76.20730000
     290   1         -57.34140000         88.62400000        -76.16300000
     291   1         -44.88520000         90.56080000        -79.27830000
     292   1         -67.87250000        104.82500000        -79.17720000
     293   1         -53.51660000         21.65560000        -73.96670000
     294   1         -50.20240000         19.56060000        -75.00170000
     295   1         -47.73830000         19.51870000        -74.91730000
     296   1         -50.15620000         23.61080000        -75.05000000
     297   1         -80.50190000         46.34550000        -75.04950000
     298   1         -33.43650000        114.80000000        -74.76810000
     299   1         -51.77160000         86.64570000        -70.10740000
     300   1         -36.78110000        131.05900000        -70.53210000
     301   1         -60.10780000         72.50840000        -68.95090000
     302   1         -58.51610000         70.48480000        -67.69500000
     303   1         -35.16300000        133.09100000        -69.34790000
     304   1         -44.64190000         74.56810000        -62.62930000
     305   1         -44.57900000         86.69200000        -62.88700000
     306   1         -22.23790000        131.13300000        -63.03080000
     307   1        -110.77700000         33.20320000        -58.21810000
     308   1        -114.94800000         21.24950000        -55.69940000
     309   1        -121.64600000         19.46200000        -50.02000000
     310   1        -125.87400000         13.58220000        -44.21530000
     311   1         -28.46140000        147.61100000        -44.92760000
     312   1         -98.55820000          7.63585000        -39.90010000
     313   1        -120.58200000         54.74030000         -5.21362000
     314   1         -83.72790000         38.01060000         20.37860000
     315   1         -43.36970000         36.24780000         28.15670000
     316   1         -52.59800000         42.48950000         33.21120000
     317   1         -42.19360000         58.75400000         34.08540000
     318   1         -40.57520000         60.80020000         35.27810000
     319   1         -67.41700000        119.63400000         37.05250000
     320   1         -43.81280000         40.62990000         41.99630000
     321   1         -42.17680000         42.69240000         43.21960000
     322   1         -45.53390000         40.69500000         44.22270000
     323   1         -75.13060000         43.13930000         46.02490000
     324   1         -43.89860000         42.75870000         45.44230000
     325   1         -42.26190000         44.82250000         46.67110000
     326   1         -40.53840000         44.75510000         44.45030000
     327   1         -66.84510000         53.09800000         44.83780000
     328   1         -27.08260000         54.81520000         43.84010000
     329   1        -103.23800000         43.60440000         49.57560000
     330   1        -101.51500000         43.54560000         47.30830000
     331   1         -99.90720000         41.56720000         48.59390000
     332   1        -100.76700000         43.58660000         49.68020000
     333   1         -98.29360000         43.55620000         49.77310000
     334   1         -76.82350000         43.26370000         48.28670000
     335   1         -99.89840000         45.52980000         48.48710000
     336   1         -30.36070000         63.05660000         48.33400000
     337   1         -68.87780000         71.42970000         49.76770000
     338   1         -18.74840000         16.43860000         52.69320000
     339   1        -101.63100000         41.62710000         50.85800000
     340   1        -100.02100000         43.63110000         52.05440000
     341   1        -104.09900000         45.62300000         50.66840000
     342   1        -101.62800000         45.60790000         50.76950000
     343   1         -10.66830000         73.10800000         52.38260000
     344   1         -73.68910000         45.45800000         54.21380000
     345   1        -112.49800000         53.73120000         54.84300000
     346   1         -60.85360000         77.63500000         55.57510000
     347   1         -22.79470000         42.99580000         57.99390000
     348   1         -70.81720000         79.76000000         58.78200000
     349   1         -36.04380000         51.29750000         62.04780000
     350   1         -23.46620000         63.31660000         62.51920000
     351   1         -74.20850000         87.97170000         63.12610000
     352   1        -130.26300000         62.00150000         68.09550000
     353   1         -75.65460000         74.30470000         78.54150000
     354   1         -77.24010000         76.27430000         77.28480000
     355   1         -75.61900000         78.32710000         78.42740000
     356   1         -77.38650000         74.38510000         80.80450000
     357   1         -78.97070000         76.34750000         79.55280000
     358   1         -77.34720000         78.39900000         80.69960000
     359   1         -74.03400000         76.35990000         79.67700000
     360   1         -75.76180000         76.43360000         81.94740000
     361   1         -76.50240000         76.35540000         79.61510000
     362   1         -76.92880000         80.64530000         93.42890000
     363   1         -95.11530000         95.01190000        100.72400000
     364   1          -1.31624000        109.78600000        186.25800000
     365   1        -125.92600000        153.58000000        189.09300000
     366   1          95.06160000       -154.97100000       -186.64400000
     367   1          93.47110000       -152.96400000       -187.87000000
     368   1         171.62800000       -143.15600000       -170.94300000
     369   1           0.41781100        -53.07720000       -117.19600000
     370   1          83.10850000        -88.78450000       -106.41400000
     371   1          93.53230000        -94.91040000       -100.21900000
     372   1          74.33390000        -92.53640000        -94.91010000
     373   1          79.36600000        -88.59780000        -94.81940000
     374   1         174.77100000        -27.30690000        -89.29550000
     375   1           2.38329000        -64.73790000        -86.62180000
     376   1         176.42000000        -25.28710000        -88.11560000
     377   1         160.53300000        -67.34900000        -84.73920000
     378   1          90.54090000        -78.50060000        -79.42920000
     379   1          66.99190000        -14.07430000        -81.44280000
     380   1          65.60060000        -48.08230000        -79.25810000
     381   1          74.79670000        -70.13530000        -75.23060000
     382   1          66.56230000        -25.95680000        -74.08380000
     383   1          63.42380000        -51.78000000        -69.82340000
     384   1          91.86960000        -42.24570000        -70.48790000
     385   1          80.73950000        -11.97090000        -72.72750000
     386   1          66.29960000        -63.78640000        -67.29010000
     387   1          64.75190000        -61.79060000        -68.52030000
     388   1          88.55500000        -40.17980000        -69.46630000
     389   1          84.53690000        -28.02410000        -67.53770000
     390   1          72.20410000        -11.86550000        -68.43100000
     391   1           5.19796000        -95.00260000        -64.10260000
     392   1          68.34630000        -45.70040000        -66.24550000
     393   1          79.40140000        -29.93400000        -64.20350000
     394   1          78.58090000        -15.86700000        -63.41010000
     395   1          64.54200000         -1.75952000        -65.48560000
     396   1          75.87630000        -13.84260000        -60.05970000
     397   1          80.17640000        -13.85430000        -62.22780000
     398   1          58.65150000       -103.87200000        -57.80130000
     399   1          58.67670000        -49.21000000        -57.01150000
     400   1          58.75820000        -45.14450000        -57.05870000
     401   1          65.57640000        -41.26780000        -59.25830000
     402   1          77.49320000        -23.86060000        -58.60410000
     403   1          58.53990000       -101.80900000        -54.32120000
     404   1          61.58150000        -61.34340000        -54.53700000
     405   1          81.50780000        -61.84990000        -54.12820000
     406   1         159.14900000        -61.01150000        -55.51130000
     407   1          60.30280000        -47.13310000        -55.80150000
     408   1          62.85330000        -43.07240000        -55.77270000
     409   1         104.81700000        -25.96250000        -53.95150000
     410   1          75.70160000        -23.86880000        -56.33720000
     411   1          83.08100000        -63.88650000        -52.90690000
     412   1         157.48500000        -60.98940000        -53.20410000
     413   1         101.37500000        -27.93060000        -52.92460000
     414   1         117.83100000        -66.32550000        -48.43400000
     415   1          91.43010000        -53.96500000        -47.02570000
     416   1          53.89960000        -52.92450000        -47.75020000
     417   1          94.65390000       -100.18600000        -45.20530000
     418   1          91.32080000        -98.11610000        -44.15270000
     419   1          14.47760000        -89.13230000        -46.33910000
     420   1          89.28000000        -69.94560000        -44.53370000
     421   1          55.52300000        -50.85700000        -46.53200000
     422   1          90.85390000        -71.96250000        -43.30480000
     423   1          96.84160000        -59.96480000        -40.95290000
     424   1          99.96310000        -63.97930000        -38.47740000
     425   1          98.40240000        -61.97200000        -39.71450000
     426   1         110.33300000        -47.99760000        -38.34900000
     427   1          18.13220000        -85.13390000        -34.55950000
     428   1          92.76730000        -41.81400000        -35.50710000
     429   1         108.03100000        -17.65510000        -33.06800000
     430   1          93.09810000        -13.45230000        -26.74700000
     431   1          88.18540000         -5.33146000        -27.10740000
     432   1           0.12623300       -127.29000000        -24.30270000
     433   1          96.90610000        -27.48620000        -18.16010000
     434   1          95.09570000        -21.29740000        -12.55190000
     435   1           8.65892000        -81.05990000         -9.07436000
     436   1          95.76350000        -41.46050000         -9.73751000
     437   1          93.09150000        -45.32100000         -2.75617000
     438   1          91.48930000        -43.30420000         -4.01597000
     439   1         130.75900000        -58.15390000          1.04923000
     440   1         127.88900000        -88.68260000          3.57603000
     441   1         116.92700000        -78.54960000          3.87283000
     442   1         103.24100000        -67.73630000          3.91424000
     443   1         109.61300000        -84.74450000          7.55740000
     444   1          86.32880000        -77.02830000         11.63910000
     445   1         117.26600000        -61.89080000         12.37120000
     446   1         113.99400000        -59.78590000         13.36500000
     447   1          97.66410000        -80.93620000         16.70950000
     448   1         102.39200000        -74.61850000         20.32150000
     449   1         117.06100000        -69.82310000         19.67730000
     450   1         119.56500000        -69.78630000         19.72530000
     451   1         116.22600000        -67.72650000         20.70140000
     452   1         118.72600000        -67.69390000         20.75680000
     453   1         117.88000000        -69.69820000         22.00300000
     454   1           7.19085000        -66.84090000         22.37210000
     455   1         122.89300000        -63.27210000         25.29030000
     456   1         122.93000000        -55.20510000         25.06640000
     457   1         106.40300000        -34.84760000         26.49300000
     458   1         107.91500000        -12.67300000         27.21880000
     459   1         101.32800000        -80.70920000         28.42270000
     460   1          95.01330000        -74.74660000         36.42320000
     461   1          96.74540000        -74.77310000         34.14070000
     462   1          79.45270000        -88.78800000         37.30980000
     463   1          96.59210000        -72.72810000         37.60980000
     464   1           8.92831000        -20.13600000         39.74350000
     465   1          18.12000000        -74.73830000         41.34740000
     466   1          94.48300000        -66.51070000         50.24270000
     467   1          83.76500000        -82.52760000         54.86010000
     468   1          66.26420000         -5.97386000         54.36160000
     469   1          67.91930000         -3.95547000         55.63030000
     470   1         102.93500000         -2.11904000         53.69590000
     471   1          87.60910000        -80.40110000         63.08850000
     472   1         101.40700000        -32.22220000         60.18070000
     473   1         100.55900000        -34.21160000         61.37720000
     474   1          15.53610000        -29.99400000         64.38800000
     475   1          15.41940000        -27.93990000         67.88200000
     476   1          24.41640000        -17.82190000         69.37120000
     477   1           5.44572000        -34.00840000         71.03260000
     478   1           4.56130000        -23.88340000         72.19970000
     479   1          61.89800000       -108.39900000         74.45550000
     480   1          65.59110000        -45.92900000         74.92040000
     481   1          68.06470000        -45.92070000         74.97130000
     482   1           6.17430000        -25.89410000         73.40960000
     483   1           4.45384000        -25.88670000         75.68030000
     484   1           2.84125000        -23.87690000         74.47050000
     485   1          72.91320000        -51.89380000         78.63690000
     486   1          69.68130000        -47.90550000         76.19030000
     487   1          67.96080000        -47.85320000         78.48250000
     488   1          71.29740000        -49.89640000         77.41220000
     489   1          70.43380000        -47.85460000         78.53460000
     490   1          72.90650000        -47.86170000         78.58650000
     491   1          68.81840000        -45.86560000         77.31490000
     492   1          71.29150000        -45.86620000         77.36530000
     493   1          78.70880000        -45.90000000         77.51540000
     494   1          69.67630000        -43.87810000         76.14710000
     495   1          67.95710000        -43.82350000         78.43950000
     496   1          70.43110000        -43.82290000         78.48890000
     497   1          73.76440000        -41.84110000         77.36650000
     498   1          81.20520000        -33.82370000         77.37830000
     499   1          17.53630000        -25.83910000         78.44010000
     500   1           4.30703000        -15.74250000         79.21860000
     501   1          27.38550000        -48.00790000         82.10740000
     502   1          72.04910000        -49.85120000         79.75700000
     503   1          74.52120000        -49.86430000         79.81120000
     504   1          73.65990000        -47.81920000         80.92980000
     505   1          72.04540000        -45.81710000         79.70780000
     506   1          74.51870000        -45.82940000         79.75820000
     507   1          76.99160000        -45.84620000         79.80870000
     508   1          72.04740000        -41.78220000         79.65990000
     509   1          70.32960000        -41.71790000         81.94970000
     510   1          71.18630000        -43.76950000         80.82900000
     511   1          76.13480000        -43.79950000         80.92670000
     512   1          73.66080000        -43.78220000         80.87800000
     513   1          74.41880000        -43.73890000         83.21670000
     514   1           8.30317000        -27.85140000         83.94930000
     515   1          17.28030000        -21.76860000         85.45020000
     516   1           4.19776000        -17.75270000         82.70090000
     517   1          94.82150000        -76.14840000         86.54050000
     518   1          31.45850000        -60.02620000         86.93380000
     519   1          30.47950000        -45.93430000         87.97840000
     520   1          12.24010000        -23.78560000         88.76530000
     521   1          10.62790000        -21.76500000         87.55680000
     522   1           8.14715000        -17.71890000         87.49760000
     523   1           5.61845000         -1.49493000         87.51780000
     524   1          10.51920000        -23.78680000         91.03610000
     525   1           8.90682000        -21.76520000         89.82790000
     526   1          10.50170000        -19.73680000         91.06050000
     527   1          12.11410000        -21.76350000         92.26850000
     528   1          11.37080000        -21.76160000         89.91270000
     529   1          13.83460000        -21.76180000         89.99730000
     530   1          20.33870000        -15.70720000         91.41880000
     531   1          37.18850000        -95.97800000         96.89960000
     532   1          26.96850000        -69.86790000         99.72480000
     533   1          35.85800000        -77.67000000        104.77500000
     534   1          40.05220000        -69.61880000        102.43500000
     535   1          37.44520000        -75.59980000        105.95600000
     536   1           2.58296000        -45.92430000        108.09100000
     537   1           0.97243700        -43.93010000        106.89500000
     538   1          47.19830000        -93.60070000        110.04000000
     539   1         120.37300000        -93.89050000        114.30200000
     540   1          42.10210000        -67.23450000        112.92100000
     541   1          10.66210000        -37.01570000        144.29500000
     542   1          80.15690000       -117.20200000        148.53700000
     543   1          21.14280000        -43.45340000        150.32900000
     544   1         137.76700000       -180.16400000        159.11500000
     545   1         139.35200000       -178.07700000        160.29400000
     546   1         165.13700000       -176.34200000        160.07500000
     547   1         136.12500000       -180.13000000        161.37900000
     548   1         140.26700000       -178.16700000        162.55400000
     549   1         138.54200000       -176.06300000        161.40900000
     550   1         140.94200000       -176.05400000        161.47400000
     551   1         143.32600000       -176.17200000        161.66100000
     552   1         145.05900000       -174.10300000        162.71000000
     553   1         144.34500000       -176.07200000        163.85600000
     554   1         147.44900000       -174.81800000        162.85100000
     555   1         164.20800000       -174.34500000        161.29600000
     556   1         164.21600000       -178.28200000        161.28500000
     557   1         140.19400000       -174.03700000        162.59300000
     558   1         142.63400000       -174.05100000        162.66800000
     559   1         165.99600000       -172.27200000        162.29400000
     560   1         163.63300000       -168.29000000        162.21600000
     561   1         149.82600000       -166.20500000        162.92800000
     562   1         162.92700000       -166.09800000        163.12100000
     563   1         148.51100000       -163.98300000        161.60000000
     564   1         150.93700000       -164.04100000        161.90500000
     565   1         150.19800000       -161.89600000        162.72800000
     566   1         152.72500000       -162.00800000        162.75700000
     567   1         160.18300000       -162.09700000        163.07300000
     568   1         155.22700000       -157.93500000        162.83500000
     569   1         156.90300000       -158.03800000        160.61500000
     570   1         164.44400000       -172.20000000        164.52700000
     571   1         151.91800000       -159.95600000        163.87800000
     572   1         154.43000000       -160.02700000        163.90200000
     573   1         156.95300000       -159.98100000        164.00700000
     574   1         159.43200000       -159.96100000        164.12800000
     575   1          92.68670000       -159.18100000        185.59700000
     576   1          83.63550000       -157.15800000        184.24400000
     577   1          90.96430000       -159.12800000        187.88600000
     578   1          91.79890000       -161.18200000        186.77300000
     579   1          89.36860000       -157.12100000        186.66300000
     580   1          91.85510000       -157.12600000        186.71000000
     581   1          41.47400000         68.12020000       -175.56700000
     582   1          15.96080000         96.28260000       -172.41400000
     583   1          91.17150000        119.08500000       -154.81500000
     584   1           5.74004000         77.04490000       -142.18000000
     585   1          37.17550000         97.12400000       -143.73400000
     586   1          19.61930000         81.19200000       -137.08400000
     587   1          37.78430000         83.08680000       -137.54600000
     588   1          14.74000000         97.41850000       -137.68000000
     589   1          78.83830000         56.77250000       -134.13600000
     590   1          16.19680000         89.41480000       -132.78800000
     591   1         100.89500000         46.77630000       -129.54700000
     592   1          67.20640000         91.18400000       -129.58000000
     593   1          36.70440000         93.38390000       -129.73200000
     594   1          70.42320000         91.23380000       -127.12700000
     595   1          43.11200000         77.28320000       -124.35500000
     596   1          15.07260000         83.54020000       -124.56500000
     597   1          24.97070000         87.52580000       -124.26600000
     598   1          23.24300000         87.58890000       -122.02100000
     599   1           0.66896300         67.69240000       -115.42800000
     600   1          56.83410000         75.41800000       -115.54200000
     601   1           6.51451000        112.15300000       -114.02600000
     602   1          27.35690000         17.29330000       -109.54200000
     603   1          82.99090000         67.49400000       -109.63900000
     604   1          26.50560000         19.34500000       -108.45200000
     605   1          21.84780000         77.83770000       -106.71000000
     606   1          40.80390000         87.84380000       -104.99700000
     607   1          65.34790000         69.80970000        -99.80820000
     608   1          92.61900000         85.92670000        -99.26500000
     609   1          55.37200000         75.92140000        -96.86140000
     610   1          11.75270000        124.51500000        -97.85970000
     611   1          58.56660000         71.98440000        -94.26150000
     612   1          56.97010000         73.95170000        -95.55920000
     613   1          23.75070000         78.15810000        -92.72580000
     614   1          24.63660000         80.13950000        -93.91610000
     615   1          61.68060000        106.41300000        -89.58080000
     616   1          39.50890000        118.54200000        -90.94450000
     617   1          42.84500000        120.53600000        -92.03420000
     618   1          50.10540000        110.56200000        -87.96330000
     619   1          82.16820000         66.25740000        -85.03220000
     620   1          83.79650000         68.31170000        -83.85200000
     621   1          93.71900000         72.33510000        -83.58950000
     622   1          81.39370000         80.40050000        -84.25130000
     623   1          77.10230000         64.35960000        -81.65730000
     624   1          76.29940000         74.48550000        -80.74770000
     625   1          78.79920000         78.51490000        -80.76290000
     626   1          83.43660000         40.25190000        -76.20380000
     627   1          82.81860000         64.42620000        -79.12030000
     628   1          77.08030000         78.59730000        -78.47590000
     629   1          78.69120000         76.61870000        -77.19920000
     630   1          62.22550000         86.63200000        -79.20350000
     631   1          76.98060000         76.69470000        -74.91600000
     632   1          78.61520000         78.75130000        -73.73540000
     633   1          83.41170000         42.37880000        -72.76380000
     634   1          61.20400000         82.99150000        -67.32430000
     635   1          83.31160000         72.93220000        -62.91700000
     636   1          98.94690000         84.98420000        -60.19080000
     637   1         167.46400000        104.47700000        -61.00010000
     638   1         100.04600000        101.14800000        -57.55830000
     639   1          80.83320000         24.60100000        -54.83350000
     640   1          85.71650000         24.59470000        -54.67810000
     641   1          75.02680000         34.73730000        -54.15250000
     642   1          77.38640000         75.10800000        -54.94940000
     643   1         101.67800000        103.17800000        -56.37610000
     644   1          71.85660000         16.52090000        -52.63820000
     645   1          76.63830000         32.73530000        -52.87770000
     646   1          69.24430000         95.32210000        -50.65450000
     647   1          65.17960000        103.41100000        -48.36540000
     648   1          82.94700000         30.84240000        -44.43500000
     649   1          68.16360000         79.29310000        -45.86090000
     650   1          81.24200000         30.88730000        -42.15580000
     651   1          83.61600000         12.72980000        -38.13520000
     652   1          64.88870000        105.61100000        -37.84560000
     653   1          85.21470000         14.77240000        -36.95910000
     654   1          68.51590000          2.82197000        -28.07870000
     655   1         164.16000000        105.22300000        -25.92870000
     656   1         165.78600000        107.24300000        -24.82950000
     657   1         156.77300000        113.38400000        -26.10590000
     658   1          67.43650000         87.76220000        -17.78010000
     659   1         161.55300000        111.54100000        -15.34710000
     660   1          90.26540000          3.34662000         10.00420000
     661   1          44.52250000         58.48420000         46.16170000
     662   1          61.48710000         12.12820000         50.71280000
     663   1         112.73600000         66.30640000         52.77100000
     664   1          82.79530000         12.07660000         56.17610000
     665   1          85.27960000         12.06290000         56.27200000
     666   1         113.20600000         32.11070000         59.06490000
     667   1         114.81200000         30.10650000         60.30740000
     668   1         112.33100000         34.14520000         60.17180000
     669   1         113.93100000         32.13940000         61.41340000
     670   1          72.60770000         40.41990000         62.36730000
     671   1          90.14710000         68.60220000         62.51850000
     672   1          79.86210000         38.43540000         66.09780000
     673   1          77.45930000         46.50910000         65.91880000
     674   1         105.71900000         68.56180000         65.33960000
     675   1          91.76890000         70.63180000         63.70730000
     676   1          77.21900000         36.48400000         69.54780000
     677   1         129.44800000         46.23480000         67.58360000
     678   1          79.81040000         48.57750000         69.45270000
     679   1          82.36730000         56.63860000         69.42410000
     680   1         108.84800000         56.47470000         67.92680000
     681   1          80.78310000         58.64120000         68.18920000
     682   1          84.88100000         60.66560000         69.44860000
     683   1          87.35410000         60.65790000         69.52260000
     684   1          92.33780000         64.67240000         69.62450000
     685   1          77.78730000         16.38580000         72.23410000
     686   1          99.64970000         52.53320000         70.00060000
     687   1          80.62930000         56.68360000         71.70300000
     688   1          83.95070000         54.63690000         70.65890000
     689   1          79.04660000         58.68500000         70.46890000
     690   1          82.25580000         58.71670000         72.88920000
     691   1          81.51950000         58.67820000         70.53940000
     692   1          83.99270000         58.67090000         70.61100000
     693   1          20.60370000         62.99260000         71.04320000
     694   1          83.14550000         60.71070000         71.72620000
     695   1          85.61880000         60.70340000         71.79880000
     696   1          84.77220000         62.74310000         72.91370000
     697   1          88.97910000         62.69120000         70.71370000
     698   1          86.50650000         62.69830000         70.63770000
     699   1          88.13200000         64.73320000         71.83090000
     700   1          90.60430000         64.72250000         71.90290000
     701   1          94.81090000         64.66070000         69.70070000
     702   1          91.49040000         66.71290000         70.73810000
     703   1          93.96310000         66.70150000         70.81380000
     704   1          95.58780000         68.73090000         72.00420000
     705   1          93.11630000         68.74200000         71.92680000
     706   1          96.43560000         66.68980000         70.89130000
     707   1          94.05890000         78.80600000         70.66640000
     708   1           7.68594000         12.55410000         74.67840000
     709   1          79.55510000         38.56070000         73.07870000
     710   1          81.40970000         60.75660000         74.00490000
     711   1          83.03740000         62.78980000         75.19190000
     712   1          83.88310000         60.74990000         74.07610000
     713   1          87.24520000         62.73750000         72.98820000
     714   1          83.92470000         64.78130000         74.02810000
     715   1          86.40110000         64.77530000         74.10190000
     716   1          88.86160000         64.79440000         74.19050000
     717   1          85.53110000         66.78740000         75.20120000
     718   1          88.93790000         68.80620000         74.10680000
     719   1          88.00080000         66.87410000         75.32570000
     720   1          92.23050000         66.75020000         73.09010000
     721   1          89.75840000         66.76130000         73.01820000
     722   1          91.38830000         68.78690000         74.20400000
     723   1          93.85580000         68.77950000         74.27990000
     724   1          90.55320000         70.82340000         75.28790000
     725   1          94.73960000         70.77190000         73.11750000
     726   1          93.88930000         72.81130000         74.23200000
     727   1          93.00720000         70.81790000         75.39500000
     728   1          97.95190000         70.79570000         75.54850000
     729   1         112.81900000         74.73530000         75.98390000
     730   1          83.19530000         78.92930000         74.99640000
     731   1          91.48620000         80.89270000         74.05560000
     732   1          75.78230000         14.54470000         78.07100000
     733   1          66.91380000         24.50670000         76.45650000
     734   1          76.90260000         36.61960000         76.53410000
     735   1          16.05790000         44.89320000         76.95870000
     736   1          75.30600000         48.75750000         78.64730000
     737   1          73.73230000         50.75260000         77.41390000
     738   1          92.68270000         52.74070000         79.08800000
     739   1          82.19410000         64.83110000         76.30760000
     740   1          84.66610000         64.82260000         76.38120000
     741   1          82.97960000         68.90550000         78.60930000
     742   1          83.83150000         66.86960000         77.49240000
     743   1          84.78840000         68.85650000         76.33710000
     744   1          85.43390000         68.90270000         78.71280000
     745   1          89.56630000         68.89290000         76.50510000
     746   1          86.42280000         70.83310000         77.49490000
     747   1          89.66270000         72.80410000         76.46890000
     748   1          76.48970000         74.95290000         77.18470000
     749   1          85.50700000         72.90310000         78.62240000
     750   1          92.15330000         72.85450000         76.50990000
     751   1          90.45740000         72.93760000         78.79920000
     752   1          84.81990000         80.96050000         76.18320000
     753   1          61.75850000         14.43340000         79.96580000
     754   1          67.66470000         42.77910000         82.03490000
     755   1          66.09610000         44.77160000         80.79790000
     756   1          67.71970000         46.81260000         81.97730000
     757   1          87.05170000         70.92080000         79.89290000
     758   1          92.06350000         74.94170000         79.97400000
     759   1          69.28780000         44.82140000         83.21290000
     760   1          51.48670000         81.26420000         86.88340000
     761   1          93.48860000         81.12360000         88.09510000
     762   1          38.52280000        107.60700000         87.22760000
     763   1          61.21570000         79.27650000         90.69050000
     764   1          47.40280000          4.36477000         92.42380000
     765   1          51.27920000         85.42900000         93.80560000
     766   1          54.63210000         87.41460000         92.70270000
     767   1           6.96387000          0.58353400         95.77620000
     768   1           8.55089000          2.61916000         97.01160000
     769   1          71.07540000        103.58900000         97.59180000
     770   1          56.89340000         91.57070000         99.68990000
     771   1          74.29060000        103.61400000        100.01900000
     772   1          45.27840000          0.40325700        108.72800000
     773   1          71.31120000         85.66060000        110.69100000
     774   1          73.78590000         85.64910000        110.76200000
     775   1          68.81230000         95.80820000        113.93900000
     776   1         151.85900000        160.45900000        157.52200000
     777   1         136.80300000        174.75200000        160.31200000
     778   1         137.72200000        176.72300000        159.18900000
     779   1         136.18200000        178.75800000        157.95000000
     780   1         134.47600000        178.80700000        160.21200000
     781   1         136.90800000        178.78700000        160.29100000
     782   1         139.27000000        178.79800000        160.31100000
     783   1         143.49100000        160.54900000        161.89500000
     784   1         145.96900000        160.53100000        161.96900000
     785   1         148.44800000        160.51500000        162.04200000
     786   1         150.92500000        160.49900000        162.11500000
     787   1         141.02700000        164.60900000        161.76800000
     788   1         142.64400000        162.59700000        162.99900000
     789   1         143.49800000        164.61000000        161.85700000
     790   1         145.98700000        164.56500000        161.91700000
     791   1         145.12300000        162.57300000        163.07600000
     792   1         148.46900000        164.56300000        161.99700000
     793   1         147.60600000        162.55700000        163.14500000
     794   1         150.08600000        162.54400000        163.21900000
     795   1         152.56400000        162.51900000        163.29300000
     796   1         150.94600000        164.56200000        162.07500000
     797   1         154.26800000        162.48200000        161.03100000
     798   1         153.43300000        164.51500000        162.13100000
     799   1         140.18000000        166.64700000        162.86800000
     800   1         142.70100000        166.76100000        162.89500000
     801   1         145.17700000        166.55300000        163.03700000
     802   1         147.64100000        166.58300000        163.09400000
     803   1         150.16800000        166.69400000        163.11200000
     804   1         152.64600000        166.51400000        163.24300000
     805   1         155.09000000        166.53700000        163.30200000
     806   1         139.29500000        170.71100000        160.69700000
     807   1         140.97500000        168.69400000        161.77300000
     808   1         144.23200000        170.85900000        160.91900000
     809   1         145.71200000        168.68800000        161.96400000
     810   1         148.33800000        168.70100000        162.08000000
     811   1         151.73500000        170.70400000        161.07000000
     812   1         153.27400000        168.69800000        162.18100000
     813   1         155.88500000        168.57300000        162.17800000
     814   1         156.75000000        170.56900000        161.03400000
     815   1         155.96500000        172.65300000        162.08500000
     816   1         158.47400000        172.55400000        162.15100000
     817   1         138.61300000        176.66800000        161.44500000
     818   1         139.11600000        174.46800000        160.56500000
     819   1         158.84100000        176.68400000        161.87400000
     820   1         159.42300000        174.49300000        161.03400000
     821   1         161.20000000        176.50800000        162.20100000
     822   1         161.90300000        178.60200000        161.13400000
     823   1         154.21500000        164.53700000        164.46500000
     824   1         156.69000000        164.51700000        164.54100000
     825   1         140.87700000        180.15100000        161.61400000
